Found ConfigField TileEntityRemover_Enabled
Found ConfigField TileEntityTargetList
Ore: sandstone
Ore: glass
Ore: oreCoal
Ore: cloth
Ore: blockGold
Ore: blockIron
Ore: blockDiamond
Ore: blockGlowstone
Ore: blockEmerald
Ore: blockRedstone
Ore: coal
Ore: charcoal
Ore: ingotIron
Ore: ingotGold
Ore: dustRedstone
Ore: slimeball
Ore: dustGlowstone
Ore: nuggetGold
Ore: gearWood
Ore: gearStone
Ore: gearIron
Ore: gearGold
Ore: gearDiamond
Fluid: uumatter
Fluid: constructionfoam
Fluid: ic2coolant
Ore: oreCopper
Ore: oreTin
Ore: oreUranium
Ore: oreLead
Ore: treeLeaves
Ore: treeSapling
Ore: dustBronze
Ore: dustClay
Ore: dustCoal
Ore: dustCopper
Ore: dustGold
Ore: dustIron
Ore: dustSilver
Ore: dustTin
Ore: dustLead
Ore: dustObsidian
Ore: dustLapis
Ore: dustSulfur
Ore: dustLithium
Ore: dustDiamond
Ore: dustSiliconDioxide
Ore: dustHydratedCoal
Ore: dustTinyCopper
Ore: dustTinyGold
Ore: dustTinyIron
Ore: dustTinySilver
Ore: dustTinyTin
Ore: dustTinyLead
Ore: dustTinySulfur
Ore: dustTinyLithium
Ore: itemRubber
Ore: ingotBronze
Ore: ingotCopper
Ore: ingotRefinedIron
Ore: ingotLead
Ore: ingotTin
Ore: ingotSilver
Ore: plateIron
Ore: plateGold
Ore: plateCopper
Ore: plateTin
Ore: plateLead
Ore: plateLapis
Ore: plateObsidian
Ore: plateBronze
Ore: plateDenseIron
Ore: plateDenseGold
Ore: plateDenseCopper
Ore: plateDenseTin
Ore: plateDenseLead
Ore: plateDenseLapis
Ore: plateDenseObsidian
Ore: plateDenseBronze
Ore: crushedIron
Ore: crushedGold
Ore: crushedSilver
Ore: crushedLead
Ore: crushedCopper
Ore: crushedTin
Ore: crushedUranium
Ore: crushedPurifiedIron
Ore: crushedPurifiedGold
Ore: crushedPurifiedSilver
Ore: crushedPurifiedLead
Ore: crushedPurifiedCopper
Ore: crushedPurifiedTin
Ore: crushedPurifiedUranium
Ore: blockBronze
Ore: blockCopper
Ore: blockTin
Ore: blockUranium
Ore: blockLead
Ore: gemDiamond
Ore: gemDiamond
Ore: craftingToolForgeHammer
Ore: craftingToolWireCutter
Ore: woodRubber
Ore: crafterWood
Ore: craftingTableWood
Ore: plankWood
Ore: logWood
Ore: stickWood
Ore: crafterWood
Ore: craftingTableWood
Ore: plankWood
Ore: logWood
Ore: stickWood
Ore: crafterWood
Ore: craftingTableWood
Ore: plankWood
Ore: logWood
Ore: stickWood
Ore: crafterWood
Ore: craftingTableWood
Ore: plankWood
Ore: logWood
Ore: stickWood
Ore: crafterWood
Ore: craftingTableWood
Ore: plankWood
Ore: logWood
Ore: stickWood
Ore: crafterWood
Ore: craftingTableWood
Ore: plankWood
Ore: logWood
Ore: stickWood
Ore: crafterWood
Ore: craftingTableWood
Ore: plankWood
Ore: logWood
Ore: stickWood
Ore: crafterWood
Ore: craftingTableWood
Ore: plankWood
Ore: logWood
Ore: stickWood
Ore: crafterWood
Ore: craftingTableWood
Ore: plankWood
Ore: logWood
Ore: stickWood
Ore: crafterWood
Ore: craftingTableWood
Ore: plankWood
Ore: logWood
Ore: stickWood
Ore: crafterWood
Ore: craftingTableWood
Ore: plankWood
Ore: logWood
Ore: stickWood
Ore: crafterWood
Ore: craftingTableWood
Ore: plankWood
Ore: logWood
Ore: stickWood
Ore: dyeBlue
Ore: glassSoul
Ore: chestWood
Ore: blockGlass
Ore: blockGlass
Ore: blockGlass
Ore: cropRaspberry
Ore: cropBlueberry
Ore: cropBlackberry
Ore: cropMaloberry
Ore: cropBlightberry
Ore: cropDuskberry
Ore: cropSkyberry
Ore: cropStingberry
Ore: taintedSoil
Ore: slabWood
Ore: slabWood
Ore: saplingTree
Ore: saplingTree
Ore: leavesTree
Ore: leavesTree
Ore: leavesTree
Ore: leavesTree
Fluid: bop.liquidpoison
Fluid: bop.springwater
Fluid: bop.honey
Ore: plankWood
Ore: stickWood
Ore: stickWood
Ore: dyeBlue
Ore: dyeBrown
Ore: dyeGreen
Ore: dyeWhite
Ore: dyeBlack
Ore: gemRuby
Ore: gemPeridot
Ore: gemTopaz
Ore: gemTanzanite
Ore: gemMalachite
Ore: gemSapphire
Ore: oreRuby
Ore: oreTopaz
Ore: orePeridot
Ore: oreTanzanite
Ore: oreMalachite
Ore: oreSapphire
Ore: treeSapling
Ore: treeSapling
Ore: logWood
Ore: logWood
Ore: logWood
Ore: logWood
Ore: logWood
Ore: logWood
Ore: logWood
Ore: logWood
Ore: logWood
Ore: logWood
Ore: logWood
Ore: logWood
Ore: logWood
Ore: logWood
Ore: logWood
Ore: slabWood
Ore: slabWood
Ore: stairWood
Ore: stairWood
Ore: stairWood
Ore: stairWood
Ore: stairWood
Ore: stairWood
Ore: stairWood
Ore: stairWood
Ore: stairWood
Ore: stairWood
Ore: stairWood
Ore: stairWood
Ore: stairWood
Ore: treeLeaves
Ore: treeLeaves
Ore: treeLeaves
Ore: treeLeaves
Ore: treeLeaves
Ore: treeLeaves
Ore: treeLeaves
Ore: treeLeaves
Ore: sludge
Ore: oreSilver
Ore: ingotSilver
Ore: ingotLead
Ore: blockSilver
Ore: blockLead
Ore: oreFzDarkIron
Ore: ingotFzDarkIron
Ore: blockFzDarkIron
Ore: sulfuricAcid
Ore: bottleSulfuricAcid
Ore: aquaRegia
Fluid: steam
Fluid: oil
Fluid: fuel
Fluid: milk
Fluid: sludge
Fluid: sewage
Fluid: mobessence
Fluid: biofuel
Fluid: meat
Fluid: pinkslime
Fluid: chocolatemilk
Fluid: mushroomsoup
Ore: gemApatite
Ore: ingotCopper
Ore: ingotTin
Ore: ingotBronze
Ore: brickPeat
Ore: dustAsh
Ore: gearBronze
Ore: gearCopper
Ore: gearTin
Ore: pulpWood
Ore: itemBeeswax
Ore: cropCherry
Ore: cropWalnut
Ore: cropChestnut
Ore: cropLemon
Ore: cropPlum
Ore: cropDate
Ore: cropPapaya
Ore: oreApatite
Ore: oreCopper
Ore: oreTin
Ore: dropHoney
Ore: itemPollen
Ore: dropHoneydew
Ore: dropRoyalJelly
Ore: beeComb
Ore: treeSapling
Ore: logWood
Ore: logWood
Ore: logWood
Ore: logWood
Ore: logWood
Ore: logWood
Ore: logWood
Ore: plankWood
Ore: plankWood
Ore: slabWood
Ore: slabWood
Ore: slabWood
Fluid: short.mead
Fluid: fluxgoo
Ore: oreCinnabar
Ore: oreInfusedAir
Ore: oreInfusedFire
Ore: oreInfusedWater
Ore: oreInfusedEarth
Ore: oreInfusedOrder
Ore: oreInfusedEntropy
Ore: shardAir
Ore: shardFire
Ore: shardWater
Ore: shardEarth
Ore: shardOrder
Ore: shardEntropy
Ore: oreAmber
Ore: quicksilver
Ore: gemAmber
Ore: nuggetIron
Ore: nuggetCopper
Ore: nuggetTin
Ore: nuggetSilver
Ore: nuggetLead
Ore: nuggetThaumium
Ore: nuggetQuicksilver
Ore: ingotThaumium
Ore: clusterIron
Ore: clusterCopper
Ore: clusterTin
Ore: clusterSilver
Ore: clusterLead
Ore: clusterCinnabar
Ore: clusterGold
Ore: logWood
Ore: logWood
Ore: plankWood
Ore: plankWood
Fluid: creosote
Ore: nuggetIron
Ore: nuggetSteel
Ore: ingotSteel
Ore: fuelCoke
Ore: dustObsidian
Ore: dustSulfur
Ore: dustSaltpeter
Ore: dustCharcoal
Ore: blockSteel
Ore: oreSulfur
Ore: oreSaltpeter
Ore: oreDiamond
Ore: oreEmerald
Ore: oreLapis
Ore: oreFirestone
Ore: hambone
Ore: blockRubber
Fluid: iron.molten
Fluid: gold.molten
Fluid: copper.molten
Fluid: tin.molten
Fluid: aluminum.molten
Fluid: cobalt.molten
Fluid: ardite.molten
Fluid: bronze.molten
Fluid: aluminumbrass.molten
Fluid: manyullyn.molten
Fluid: alumite.molten
Fluid: obsidian.molten
Fluid: steel.molten
Fluid: glass.molten
Fluid: stone.seared
Fluid: emerald.liquid
Fluid: blood
Fluid: nickel.molten
Fluid: lead.molten
Fluid: silver.molten
Fluid: platinum.molten
Fluid: invar.molten
Fluid: electrum.molten
Fluid: ender
Fluid: slime.blue
Fluid: glue
Fluid: pigiron.molten
Ore: oreCobalt
Ore: oreArdite
Ore: oreCopper
Ore: oreTin
Ore: oreAluminum
Ore: oreAluminium
Ore: oreIron
Ore: oreGold
Ore: oreCobalt
Ore: oreCopper
Ore: oreTin
Ore: oreAluminum
Ore: oreAluminium
Ore: ingotCobalt
Ore: ingotArdite
Ore: ingotManyullyn
Ore: ingotCopper
Ore: ingotTin
Ore: ingotAluminum
Ore: ingotAluminium
Ore: ingotBronze
Ore: ingotAluminumBrass
Ore: ingotAluminiumBrass
Ore: ingotAlumite
Ore: ingotSteel
Ore: ingotObsidian
Ore: ingotPigIron
Ore: itemRawRubber
Ore: blockCobalt
Ore: blockArdite
Ore: blockManyullyn
Ore: blockCopper
Ore: blockBronze
Ore: blockTin
Ore: blockAluminum
Ore: blockAluminium
Ore: blockAluminumBrass
Ore: blockAluminiumBrass
Ore: blockAlumite
Ore: blockSteel
Ore: blockEnder
Ore: nuggetIron
Ore: nuggetIron
Ore: nuggetCopper
Ore: nuggetCopper
Ore: nuggetTin
Ore: nuggetTin
Ore: nuggetAluminum
Ore: nuggetAluminum
Ore: nuggetAluminium
Ore: nuggetAluminium
Ore: nuggetAluminumBrass
Ore: nuggetAluminiumBrass
Ore: nuggetObsidian
Ore: nuggetCobalt
Ore: nuggetArdite
Ore: nuggetManyullyn
Ore: nuggetBronze
Ore: nuggetAlumite
Ore: nuggetSteel
Ore: nuggetGold
Ore: nuggetPigIron
Ore: dustArdite
Ore: dustCobalt
Ore: dustAluminium
Ore: dustAluminum
Ore: dustManyullyn
Ore: dustAluminiumBrass
Ore: dustAluminumBrass
Ore: slabCloth
Ore: slabCloth
Ore: stoneMossy
Ore: stoneMossy
Ore: crafterWood
Ore: craftingTableWood
Ore: torchStone
Ore: woodRod
Ore: stoneRod
Ore: ironRod
Ore: flintRod
Ore: cactusRod
Ore: boneRod
Ore: obsidianRod
Ore: netherrackRod
Ore: slimeRod
Ore: paperRod
Ore: cobaltRod
Ore: arditeRod
Ore: manyullynRod
Ore: copperRod
Ore: bronzeRod
Ore: alumiteRod
Ore: steelRod
Ore: blueslimeRod
Ore: thaumiumRod
Ore: glassWhite
Ore: glassOrange
Ore: glassMagenta
Ore: glassLightBlue
Ore: glassYellow
Ore: glassLime
Ore: glassPink
Ore: glassGray
Ore: glassLightGray
Ore: glassCyan
Ore: glassPurple
Ore: glassBlue
Ore: glassBrown
Ore: glassGreen
Ore: glassRed
Ore: glassBlack
Ore: slimeball
Ore: slimeball
Ore: slimeball
Ore: slimeball
Ore: glass
Ore: glass
Fluid: myst.ink.black
Ore: dustCoal
Ore: dustIron
Ore: dustGold
Ore: dustCopper
Ore: dustTin
Ore: gearStone
Ore: dustEnderPearl
Ore: itemSilicon
Ore: ingotConductiveIron
Ore: ingotElectricalSteel
Ore: ingotEnergeticAlloy
Ore: ingotVibrantAlloy
Ore: ingotPulsatingIron
Ore: glass
Ore: glassHardened
Ore: glass
Fluid: hydrogen
Fluid: oxygen
Fluid: chlorine
Fluid: sulfurdioxidegas
Fluid: sulfurtrioxidegas
Fluid: sulfuricacid
Fluid: hydrogenchloride
Fluid: brine
Ore: ingotUranium
Ore: ingotIridium
Ore: solarPanelHV
Ore: sunnariumPart
Ore: sunnarium
Fluid: xpjuice
Found ConfigField creosote_fermentation
Ore: ingotGelidEnderium
Ore: nuggetGelidEnderium
Ore: gemGelidEnderium
Ore: rodGelidEnderium
Ore: blockGelidEnderium
Fluid: rc ethanol
Fluid: jet fuel
Fluid: lubricant
Fluid: liquid nitrogen
Fluid: poison
Fluid: heavy water
Fluid: hydrofluoric acid
Fluid: uranium hexafluoride
Fluid: rc ammonia
Fluid: rc sodium
Fluid: rc chlorine
Fluid: rc oxygen
Fluid: rc deuterium
Fluid: rc tritium
Fluid: fusion plasma
Fluid: lowpammonia
Fluid: lowpwater
Fluid: hotsodium
Fluid: rc co2
Fluid: rc hot co2
Ore: orePitchblende
Ore: ingotUranium
Ore: oreCadmium
Ore: ingotCadmium
Ore: oreIndium
Ore: ingotIndium
Ore: oreSilver
Ore: ingotSilver
Ore: orePitchblende
Ore: ingotUranium
Ore: oreAmmonium
Ore: dustAmmonium
Ore: oreCalcite
Ore: gemCalcite
Ore: oreMagnetite
Ore: gemMagnetite
Ore: dustQuicklime
Ore: oreFluorite
Ore: gemFluorite
Ore: oreFluorite
Ore: gemFluorite
Ore: oreFluorite
Ore: gemFluorite
Ore: oreFluorite
Ore: gemFluorite
Ore: oreFluorite
Ore: gemFluorite
Ore: oreFluorite
Ore: gemFluorite
Ore: oreFluorite
Ore: gemFluorite
Ore: oreFluorite
Ore: gemFluorite
Ore: stoneRod
Ore: dustIron
Ore: dustGold
Ore: dustCoal
Ore: dustObsidian
Ore: dustCopper
Ore: dustTin
Ore: dustSilver
Ore: dustLead
Ore: dustNickel
Ore: dustPlatinum
Ore: dustElectrum
Ore: dustInvar
Ore: dustBronze
Ore: dustEnderium
Ore: ingotCopper
Ore: ingotTin
Ore: ingotSilver
Ore: ingotLead
Ore: ingotNickel
Ore: ingotPlatinum
Ore: ingotElectrum
Ore: ingotInvar
Ore: ingotBronze
Ore: ingotEnderium
Ore: nuggetCopper
Ore: nuggetTin
Ore: nuggetSilver
Ore: nuggetLead
Ore: nuggetNickel
Ore: nuggetPlatinum
Ore: nuggetElectrum
Ore: nuggetInvar
Ore: nuggetBronze
Ore: nuggetEnderium
Ore: dustSulfur
Ore: dustSaltpeter
Ore: crystalCinnabar
Ore: gearCopper
Ore: gearTin
Ore: gearElectrum
Ore: gearInvar
Ore: gearBronze
Ore: oreCopper
Ore: oreTin
Ore: oreSilver
Ore: oreLead
Ore: oreNickel
Ore: blockCopper
Ore: blockTin
Ore: blockSilver
Ore: blockLead
Ore: blockNickel
Ore: blockPlatinum
Ore: blockElectrum
Ore: blockInvar
Ore: blockBronze
Ore: blockEnderium
Ore: glassHardened
Fluid: redstone
Fluid: glowstone
Fluid: pyrotheum
Fluid: cryotheum
Fluid: coal
Ore: oreCertusQuartz
Ore: crystalCertusQuartz
Ore: dustCertusQuartz
Ore: dustNetherQuartz
Ore: dustEnderPearl
Ore: dustGold
Ore: dustIron
Ore: dustWheat
Ore: cropVine
Ore: itemRubber
Ore: itemRawRubber
Ore: woodRubber
Ore: leavesRubber
Ore: sheetPlastic
Ore: dustPlastic
Ore: ingotMeat
Ore: ingotMeatRaw
Ore: nuggetMeat
Ore: nuggetMeatRaw
Ore: blockMeat
Ore: blockMeatRaw
Ore: itemCharcoalSugar
Ore: cableRedNet
Ore: cableRedNet
Ore: cableRedNetEnergy
Ore: cableRedNetEnergy
Ore: slimeball
Ore: dyeBrown
Ore: fertilizerOrganic
Ore: wireExplosive
Ore: listAllmilk
Ore: slimeball
Ore: glass
Ore: nuggetGold
Ore: ingotGold
Fluid: glass
Fluid: biomass
Fluid: bioethanol
Fluid: seedoil
Fluid: honey
Fluid: juice
Fluid: ice
Ore: logWood
Ore: logWood
Ore: treeSapling
Ore: treeLeaves
Ore: treeLeaves
Ore: plankWood
Fluid: liquidforce
Ore: gemForce
Ore: ingotForce
Ore: nuggetForce
Ore: logWood
Ore: plankWood
Ore: slabWood
Ore: stairWood
Ore: treeSapling
Ore: treeLeaves
Ore: stickWood
Ore: itemTear
Ore: itemTear
Ore: itemClaw
Ore: itemBacon
Ore: dustDiamond
Ore: blockAluminum
Ore: blockBronze
Ore: blockCopper
Ore: blockLead
Ore: blockNickel
Ore: blockPlatinum
Ore: blockSilver
Ore: blockSteel
Ore: blockTin
Ore: oreAluminum
Ore: oreTin
Ore: oreEmery
Ore: oreLead
Ore: oreCopper
Ore: oreNickel
Ore: oreRuby
Ore: oreSapphire
Fluid: nutrientwater
Ore: ingotAluminum
Ore: ingotBronze
Ore: ingotCopper
Ore: ingotLead
Ore: ingotNickel
Ore: ingotPlatinum
Ore: ingotSilver
Ore: ingotSteel
Ore: ingotTin
Ore: gemEmery
Ore: gemRuby
Ore: gemSapphire
Ore: limestone
Ore: componentWiring
Ore: componentSolenoid
Ore: componentServo
Ore: componentGliderWing
Ore: componentIonThruster
Ore: componentLVCapacitor
Ore: componentMVCapacitor
Ore: componentHVCapacitor
Ore: componentParachute
Ore: componentPlatingBasic
Ore: componentPlatingAdvanced
Ore: componentFieldEmitter
Ore: componentLaserEmitter
Ore: componentCarbonMyofiber
Ore: componentControlCircuit
Ore: componentMyofiberGel
Ore: componentArtificialMuscle
Ore: dyeBlack
Ore: treeSapling
Ore: plantBlack
Ore: flowerBlack
Ore: dyeRed
Ore: treeSapling
Ore: plantRed
Ore: flowerRed
Ore: dyeGreen
Ore: treeSapling
Ore: plantGreen
Ore: flowerGreen
Ore: dyeBrown
Ore: treeSapling
Ore: plantBrown
Ore: flowerBrown
Ore: dyeBlue
Ore: treeSapling
Ore: plantBlue
Ore: flowerBlue
Ore: dyePurple
Ore: treeSapling
Ore: plantPurple
Ore: flowerPurple
Ore: dyeCyan
Ore: treeSapling
Ore: plantCyan
Ore: flowerCyan
Ore: dyeLightGray
Ore: treeSapling
Ore: plantLightGray
Ore: flowerLightGray
Ore: dyeGray
Ore: treeSapling
Ore: plantGray
Ore: flowerGray
Ore: dyePink
Ore: treeSapling
Ore: plantPink
Ore: flowerPink
Ore: dyeLime
Ore: treeSapling
Ore: plantLime
Ore: flowerLime
Ore: dyeYellow
Ore: treeSapling
Ore: plantYellow
Ore: flowerYellow
Ore: dyeLightBlue
Ore: treeSapling
Ore: plantLightBlue
Ore: flowerLightBlue
Ore: dyeMagenta
Ore: treeSapling
Ore: plantMagenta
Ore: flowerMagenta
Ore: dyeOrange
Ore: treeSapling
Ore: plantOrange
Ore: flowerOrange
Ore: dyeWhite
Ore: treeSapling
Ore: plantWhite
Ore: flowerWhite
Ore: plankWood
Ore: plankWood
Ore: plankWood
Ore: plankWood
Ore: plankWood
Ore: plankWood
Ore: plankWood
Ore: plankWood
Ore: plankWood
Ore: plankWood
Ore: plankWood
Ore: plankWood
Ore: plankWood
Ore: plankWood
Ore: plankWood
Ore: plankWood
Fluid: slickwater
Ore: dustQuicklime
Ore: groundAluminum
Ore: groundTin
Ore: groundLead
Ore: groundGold
Ore: groundIron
Ore: groundCopper
Ore: groundNickel
Ore: groundSilver
Ore: dustImpureAluminum
Ore: dustImpureCopper
Ore: dustImpureLead
Ore: dustImpureNickel
Ore: dustImpureGold
Ore: dustImpureIron
Ore: dustImpureSilver
Ore: dustImpureTin
Ore: dustAluminum
Ore: dustCopper
Ore: dustGold
Ore: dustIron
Ore: dustLead
Ore: dustNickel
Ore: dustPlatinum
Ore: dustSilver
Ore: dustTin
Ore: groundCobalt
Ore: groundArdite
Ore: dustImpureCobalt
Ore: dustImpureArdite
Ore: dustPureCobalt
Ore: dustPureArdite
Ore: bricksGravel
Ore: enderobsidian
Ore: burntquartz
Ore: icestone
Ore: blockUnstableingot
Ore: glass
Ore: glass
Ore: glass
Ore: glass
Ore: glass
Ore: glass
Ore: glass
Ore: glass
Ore: glass
Ore: glass
Ore: bricksStone
Ore: bricksStone
Ore: bricksStone
Ore: bricksStone
Ore: bricksStone
Ore: bricksStone
Ore: bricksStone
Ore: bricksStone
Ore: bricksStone
Ore: bricksStone
Ore: bricksStone
Ore: bricksStone
Ore: bricksStone
Ore: bricksStone
Ore: bricksStone
Ore: bricksStone
Ore: plankWood
Ore: plankWood
Ore: plankWood
Ore: plankWood
Ore: plankWood
Ore: plankWood
Ore: plankWood
Ore: plankWood
Ore: plankWood
Ore: plankWood
Ore: plankWood
Ore: plankWood
Ore: plankWood
Ore: plankWood
Ore: plankWood
Ore: plankWood
Ore: compressedCobblestone1x
Ore: compressedCobblestone2x
Ore: compressedCobblestone3x
Ore: compressedCobblestone4x
Ore: compressedCobblestone5x
Ore: compressedCobblestone6x
Ore: compressedCobblestone7x
Ore: compressedCobblestone8x
Ore: compressedDirt1x
Ore: compressedDirt2x
Ore: compressedDirt3x
Ore: compressedDirt4x
Ore: compressedGravel1x
Ore: compressedGravel2x
Ore: compressedSand1x
Ore: compressedSand2x
Ore: dustAsh
Fluid: gascraft_naturalgas
Fluid: gascraft_propellent
Fluid: gascraft_hydrogen
Fluid: gascraft_smoke
Fluid: gascraft_toxicgas
Fluid: gascraft_neurotoxin
Fluid: gascraft_corrosivegas
Fluid: gascraft_plasma
Ore: cobblestone
Ore: stone
Ore: rockGranite
Ore: stoneGranite
Ore: granite
Ore: cobblestone
Ore: stone
Ore: rockBasalt
Ore: stoneBasalt
Ore: basalt
Ore: cobblestone
Ore: stone
Ore: rockMarble
Ore: stoneMarble
Ore: marble
Ore: cobblestone
Ore: stone
Ore: rockLimestone
Ore: stoneLimestone
Ore: limestone
Ore: cobblestone
Ore: stone
Ore: rockShale
Ore: stoneShale
Ore: shale
Ore: cobblestone
Ore: stone
Ore: rockSandstone
Ore: stoneSandstone
Ore: sandstone
Ore: cobblestone
Ore: stone
Ore: rockPumice
Ore: stonePumice
Ore: pumice
Ore: cobblestone
Ore: stone
Ore: rockSlate
Ore: stoneSlate
Ore: slate
Ore: cobblestone
Ore: stone
Ore: rockGneiss
Ore: stoneGneiss
Ore: gneiss
Ore: cobblestone
Ore: stone
Ore: rockPeridotite
Ore: stonePeridotite
Ore: peridotite
Ore: cobblestone
Ore: stone
Ore: rockQuartz
Ore: stoneQuartz
Ore: quartz
Ore: cobblestone
Ore: stone
Ore: rockGranulite
Ore: stoneGranulite
Ore: granulite
Ore: cobblestone
Ore: stone
Ore: rockHornfel
Ore: stoneHornfel
Ore: hornfel
Ore: cobblestone
Ore: stone
Ore: rockMigmatite
Ore: stoneMigmatite
Ore: migmatite
Ore: cobblestone
Ore: stone
Ore: rockSchist
Ore: stoneSchist
Ore: schist
Ore: cobblestone
Ore: stone
Ore: rockOnyx
Ore: stoneOnyx
Ore: onyx
Ore: cobblestone
Ore: stone
Ore: rockOpal
Ore: stoneOpal
Ore: opal
Ore: sandstone
Ore: sandstone
Ore: dyeBlackCrystal
Ore: dyeBlackCrystalShard
Ore: dyeCrystal
Ore: caveCrystal
Ore: shardCrystal
Ore: dyeRedCrystal
Ore: dyeRedCrystalShard
Ore: dyeCrystal
Ore: caveCrystal
Ore: shardCrystal
Ore: dyeGreenCrystal
Ore: dyeGreenCrystalShard
Ore: dyeCrystal
Ore: caveCrystal
Ore: shardCrystal
Ore: dyeBrownCrystal
Ore: dyeBrownCrystalShard
Ore: dyeCrystal
Ore: caveCrystal
Ore: shardCrystal
Ore: dyeBlueCrystal
Ore: dyeBlueCrystalShard
Ore: dyeCrystal
Ore: caveCrystal
Ore: shardCrystal
Ore: dyePurpleCrystal
Ore: dyePurpleCrystalShard
Ore: dyeCrystal
Ore: caveCrystal
Ore: shardCrystal
Ore: dyeCyanCrystal
Ore: dyeCyanCrystalShard
Ore: dyeCrystal
Ore: caveCrystal
Ore: shardCrystal
Ore: dyeLightGrayCrystal
Ore: dyeLightGrayCrystalShard
Ore: dyeCrystal
Ore: caveCrystal
Ore: shardCrystal
Ore: dyeGrayCrystal
Ore: dyeGrayCrystalShard
Ore: dyeCrystal
Ore: caveCrystal
Ore: shardCrystal
Ore: dyePinkCrystal
Ore: dyePinkCrystalShard
Ore: dyeCrystal
Ore: caveCrystal
Ore: shardCrystal
Ore: dyeLimeCrystal
Ore: dyeLimeCrystalShard
Ore: dyeCrystal
Ore: caveCrystal
Ore: shardCrystal
Ore: dyeYellowCrystal
Ore: dyeYellowCrystalShard
Ore: dyeCrystal
Ore: caveCrystal
Ore: shardCrystal
Ore: dyeLightBlueCrystal
Ore: dyeLightBlueCrystalShard
Ore: dyeCrystal
Ore: caveCrystal
Ore: shardCrystal
Ore: dyeMagentaCrystal
Ore: dyeMagentaCrystalShard
Ore: dyeCrystal
Ore: caveCrystal
Ore: shardCrystal
Ore: dyeOrangeCrystal
Ore: dyeOrangeCrystalShard
Ore: dyeCrystal
Ore: caveCrystal
Ore: shardCrystal
Ore: dyeWhiteCrystal
Ore: dyeWhiteCrystalShard
Ore: dyeCrystal
Ore: caveCrystal
Ore: shardCrystal
Fluid: potion crystal
Ore: universalCable
Ore: battery
Ore: pulpWood
Ore: dustObsidian
Ore: itemSalt
Ore: dustSalt
Ore: dustIron
Ore: dustGold
Ore: dustOsmium
Ore: dustRefinedObsidian
Ore: dustDiamond
Ore: dustSteel
Ore: dustCopper
Ore: dustTin
Ore: dustSilver
Ore: dustLead
Ore: dustSulfur
Ore: ingotRefinedObsidian
Ore: ingotOsmium
Ore: ingotBronze
Ore: ingotRefinedGlowstone
Ore: ingotSteel
Ore: ingotCopper
Ore: ingotTin
Ore: blockOsmium
Ore: blockBronze
Ore: blockRefinedObsidian
Ore: blockCharcoal
Ore: blockRefinedGlowstone
Ore: blockSteel
Ore: blockCopper
Ore: blockTin
Ore: dustDirtyIron
Ore: clumpIron
Ore: shardIron
Ore: crystalIron
Ore: dustDirtyGold
Ore: clumpGold
Ore: shardGold
Ore: crystalGold
Ore: dustDirtyOsmium
Ore: clumpOsmium
Ore: shardOsmium
Ore: crystalOsmium
Ore: dustDirtyCopper
Ore: clumpCopper
Ore: shardCopper
Ore: crystalCopper
Ore: dustDirtyTin
Ore: clumpTin
Ore: shardTin
Ore: crystalTin
Ore: dustDirtySilver
Ore: clumpSilver
Ore: shardSilver
Ore: crystalSilver
Ore: dustDirtyObsidian
Ore: clumpObsidian
Ore: shardObsidian
Ore: crystalObsidian
Ore: dustDirtyLead
Ore: clumpLead
Ore: shardLead
Ore: crystalLead
Ore: oreOsmium
Ore: oreCopper
Ore: oreTin
Ore: oreCoal
Ore: ingotIron
Ore: ingotGold
Ore: oreRedstone
Ore: oreRedstone
Ore: circuitBasic
Ore: itemCompressedCarbon
Ore: itemEnrichedAlloy
Ore: dyeWhite
Ore: dyeOrange
Ore: dyeMagenta
Ore: dyeLightBlue
Ore: dyeYellow
Ore: dyeLime
Ore: dyePink
Ore: dyeGray
Ore: dyeLightGray
Ore: dyeCyan
Ore: dyePurple
Ore: dyeBlue
Ore: dyeBrown
Ore: dyeGreen
Ore: dyeRed
Ore: dyeBlack
Ore: cropPumpkin
Ore: cropMelon
Ore: cropPotato
Ore: cropCarrot
Fluid: peat
Fluid: vegetable
Setting up meta item: 4602:0 Blacksmithing Hammer
Setting up meta item: 4603:0 Iron Ring
Setting up meta item: 4600:0 Sugar Charcoal
Setting up meta item: 4600:1 Sugar Coke
Setting up meta item: 4600:2 Cactus Charcoal
Setting up meta item: 4600:3 Cactus Coke
Ore: componentSolarPanel
Ore: componentMagnet
Ore: componentComputerChip
Ore: componentRubberHose
Ore: componentLiquidNitrogen
Ore: componentRawCarbon
Fluid: molten redstone
Fluid: molten conductive redmetal
Ore: blockElectrumFlux
Ore: blockCrystalFlux
Ore: dustElectrumFlux
Ore: ingotElectrumFlux
Ore: nuggetElectrumFlux
Ore: gemCrystalFlux
Ore: ingotHSLA
Ore: dustNetherrack
Ore: dustSoulSand
Ore: ingotSilver
Ore: ingotAluminum
Ore: RotaryCraft:dustBedrock
Ore: RotaryCraft:ingotBedrock
Ore: glassHardened
Ore: ingotTin
Ore: ingotCopper
Ore: ingotLead
Ore: ingotNickel
Ore: ingotSilver
Ore: dustGalena
Ore: ingotAluminum
Ore: ingotIridium
Ore: shardFirestone
Ore: crystalCertusQuartz
Ore: ingotUranium
Ore: itemQuicksilver
Ore: gemAmber
Ore: shardAir
Ore: shardFire
Ore: shardWater
Ore: shardEarth
Ore: shardEntropy
Ore: shardOrder
Ore: gemApatite
Ore: dustSaltpeter
Ore: ingotTungsten
Ore: dustNikolite
Ore: gemPeridot
Ore: gemRuby
Ore: gemSapphire
Ore: ForciciumItem
Ore: gemForce
Ore: itemCoal
Ore: ingotIron
Ore: ingotGold
Ore: dustRedstone
Ore: dyeBlue
Ore: gemDiamond
Ore: gemEmerald
Ore: ingotTin
Ore: ingotCopper
Ore: ingotLead
Ore: ingotNickel
Ore: ingotSilver
Ore: dustNikolite
Ore: ingotCobalt
Ore: ingotArdite
Ore: ingotPlatinum
Ore: ingotPlatinum
Ore: ingotZinc
Ore: ingotOsmium
Ore: ingotSteel
Ore: dustSulfur
Ore: ingotUranium
Ore: ingotCadmium
Ore: ingotIndium
Ore: gemFluorite
Ore: dustBauxite
Ore: dyeBlue
Ore: dustPyrite
Ore: dustAmmonium
Ore: gemCalcite
Ore: gemChimerite
Ore: dustVinteum
Ore: gemBlueTopaz
Ore: gemMoonstone
Ore: gemSunstone
Ore: ingotTitanium
Ore: dropMagma
Ore: gemMagnetite
Ore: itemEssence
Ore: gemMimichite
Ore: ingotUranium
Ore: dustQuantum
Ore: ingotIridium
Ore: ingotFzDarkIron
Ore: ingotChrome
Ore: gemSapphire
Ore: gemPeridot
Ore: ingotTitanium
Ore: dustSulfur
Ore: ingotOsmium
Ore: itemSilicon
Ore: ingotRutile
Ore: dustCoal
Ore: dustSalt
Ore: foodSalt
Ore: dustWood
Ore: pulpWood
Ore: ingotCopper
Ore: ingotTin
Ore: ingotSilver
Ore: fz.waterBucketLike
Ore: fz.waterBucketLike
Ore: fz.waterBucketLike
Ore: fz.waterBucketLike
Ore: fz.waterBucketLike
Ore: fz.waterBucketLike
Ore: dirtyGravelIron
Ore: cleanGravelIron
Ore: reducedIron
Ore: crystallineIron
Ore: dirtyGravelGold
Ore: cleanGravelGold
Ore: reducedGold
Ore: crystallineGold
Ore: dirtyGravelLead
Ore: cleanGravelLead
Ore: reducedLead
Ore: crystallineLead
Ore: dirtyGravelTin
Ore: cleanGravelTin
Ore: reducedTin
Ore: crystallineTin
Ore: dirtyGravelCopper
Ore: cleanGravelCopper
Ore: reducedCopper
Ore: crystallineCopper
Ore: dirtyGravelGalena
Ore: cleanGravelGalena
Ore: reducedGalena
Ore: crystallineGalena
Ore: dirtyGravelSilver
Ore: cleanGravelSilver
Ore: reducedSilver
Ore: crystallineSilver
Ore: dirtyGravelCobalt
Ore: cleanGravelCobalt
Ore: reducedCobalt
Ore: crystallineCobalt
Ore: dirtyGravelArdite
Ore: cleanGravelArdite
Ore: reducedArdite
Ore: crystallineArdite
Ore: dirtyGravelDark Iron
Ore: cleanGravelDark Iron
Ore: reducedDark Iron
Ore: crystallineDark Iron
Ore: glassWhite
Ore: glassPaneWhite
Ore: dyeCeramicWhite
Ore: glassOrange
Ore: glassPaneOrange
Ore: dyeCeramicOrange
Ore: glassMagenta
Ore: glassPaneMagenta
Ore: dyeCeramicMagenta
Ore: glassLightBlue
Ore: glassPaneLightBlue
Ore: dyeCeramicLightBlue
Ore: glassYellow
Ore: glassPaneYellow
Ore: dyeCeramicYellow
Ore: glassLime
Ore: glassPaneLime
Ore: dyeCeramicLime
Ore: glassPink
Ore: glassPanePink
Ore: dyeCeramicPink
Ore: glassGray
Ore: glassPaneGray
Ore: dyeCeramicGray
Ore: glassLightGray
Ore: glassPaneLightGray
Ore: dyeCeramicLightGray
Ore: glassCyan
Ore: glassPaneCyan
Ore: dyeCeramicCyan
Ore: glassPurple
Ore: glassPanePurple
Ore: dyeCeramicPurple
Ore: glassBlue
Ore: glassPaneBlue
Ore: dyeCeramicBlue
Ore: glassBrown
Ore: glassPaneBrown
Ore: dyeCeramicBrown
Ore: glassGreen
Ore: glassPaneGreen
Ore: dyeCeramicGreen
Ore: glassRed
Ore: glassPaneRed
Ore: dyeCeramicRed
Ore: glassBlack
Ore: glassPaneBlack
Ore: dyeCeramicBlack
Ore: stone
Ore: stone
Ore: cobblestone
Ore: cobblestone
Ore: ingotNaturalAluminum
Ore: ingotNaturalAluminum
Ore: ingotAluminium
Ore: ingotNaturalAluminum
Ore: ingotAluminium
Ore: ingotNaturalAluminum
Ore: ingotAluminium
Ore: itemSilicon
Ore: ingotLead
Ore: gemRuby
Ore: gemSapphire
Ore: gemPeridot
Ore: projredInsFramedWire
Ore: projredInsulatedWire
Ore: projredInsFramedWire
Ore: projredInsulatedWire
Ore: projredInsFramedWire
Ore: projredInsulatedWire
Ore: projredInsFramedWire
Ore: projredInsulatedWire
Ore: projredInsFramedWire
Ore: projredInsulatedWire
Ore: projredInsFramedWire
Ore: projredInsulatedWire
Ore: projredInsFramedWire
Ore: projredInsulatedWire
Ore: projredInsFramedWire
Ore: projredInsulatedWire
Ore: projredInsFramedWire
Ore: projredInsulatedWire
Ore: projredInsFramedWire
Ore: projredInsulatedWire
Ore: projredInsFramedWire
Ore: projredInsulatedWire
Ore: projredInsFramedWire
Ore: projredInsulatedWire
Ore: projredInsFramedWire
Ore: projredInsulatedWire
Ore: projredInsFramedWire
Ore: projredInsulatedWire
Ore: projredInsFramedWire
Ore: projredInsulatedWire
Ore: projredInsFramedWire
Ore: projredInsulatedWire
Ore: projredBundledCable
Ore: projredBundledCable
Ore: projredBundledCable
Ore: projredBundledCable
Ore: projredBundledCable
Ore: projredBundledCable
Ore: projredBundledCable
Ore: projredBundledCable
Ore: projredBundledCable
Ore: projredBundledCable
Ore: projredBundledCable
Ore: projredBundledCable
Ore: projredBundledCable
Ore: projredBundledCable
Ore: projredBundledCable
Ore: projredBundledCable
Ore: projredBundledCable
Ore: greggy_greg_do_please_kindly_stuff_a_sock_in_it
Ore: ProjRed|Exploration:bag
Ore: ProjRed|Exploration:bag
Ore: ProjRed|Exploration:bag
Ore: ProjRed|Exploration:bag
Ore: ProjRed|Exploration:bag
Ore: ProjRed|Exploration:bag
Ore: ProjRed|Exploration:bag
Ore: ProjRed|Exploration:bag
Ore: ProjRed|Exploration:bag
Ore: ProjRed|Exploration:bag
Ore: ProjRed|Exploration:bag
Ore: ProjRed|Exploration:bag
Ore: ProjRed|Exploration:bag
Ore: ProjRed|Exploration:bag
Ore: ProjRed|Exploration:bag
Ore: ProjRed|Exploration:bag
Ore: gemRuby
Ore: gemSapphire
Ore: gemPeridot
Ore: oreRuby
Ore: oreSapphire
Ore: orePeridot
Ore: itemCharcoalSugar
Ore: itemCokeSugar
Ore: itemCharcoalCactus
Ore: itemCokeCactus
Ore: oreCinnabar
Ore: itemQuicksilver
Ore: oreAmber
Ore: gemAmber
Ore: oreInfusedAir
Ore: shardAir
Ore: oreInfusedFire
Ore: shardFire
Ore: oreInfusedWater
Ore: shardWater
Ore: oreInfusedEarth
Ore: shardEarth
Ore: oreInfusedEntropy
Ore: shardEntropy
Ore: oreInfusedOrder
Ore: shardOrder
Ore: oreForce
Ore: oreForce
Ore: oreOsmium
