2018-02-20 12:38:35 [INFO] LiteLoader 1.6.4_01 starting up...
2018-02-20 12:38:35 [INFO] Java reports OS="windows 8.1"
2018-02-20 12:38:35 [INFO] Mods folder found, searching C:\Users\Rygar Nelson\Desktop\MultiMC\instances\ownerscraft\minecraft\mods
2018-02-20 12:38:35 [INFO] Found 0 mod file(s)
2018-02-20 12:38:35 [INFO] Enumerating class path...
2018-02-20 12:38:35 [INFO] Class path separator=";"
2018-02-20 12:38:35 [INFO] Class path entries=(
   classpathEntry=C:/Users/Rygar Nelson/Desktop/MultiMC/jars/NewLaunch.jar
   classpathEntry=C:/Users/Rygar Nelson/Desktop/MultiMC/libraries/net/java/jinput/jinput/2.0.5/jinput-2.0.5.jar
   classpathEntry=C:/Users/Rygar Nelson/Desktop/MultiMC/libraries/net/java/jutils/jutils/1.0.0/jutils-1.0.0.jar
   classpathEntry=C:/Users/Rygar Nelson/Desktop/MultiMC/libraries/org/lwjgl/lwjgl/lwjgl/2.9.0/lwjgl-2.9.0.jar
   classpathEntry=C:/Users/Rygar Nelson/Desktop/MultiMC/libraries/org/lwjgl/lwjgl/lwjgl_util/2.9.0/lwjgl_util-2.9.0.jar
   classpathEntry=C:/Users/Rygar Nelson/Desktop/MultiMC/libraries/net/sf/jopt-simple/jopt-simple/4.5/jopt-simple-4.5.jar
   classpathEntry=C:/Users/Rygar Nelson/Desktop/MultiMC/libraries/com/paulscode/codecjorbis/20101023/codecjorbis-20101023.jar
   classpathEntry=C:/Users/Rygar Nelson/Desktop/MultiMC/libraries/com/paulscode/codecwav/20101023/codecwav-20101023.jar
   classpathEntry=C:/Users/Rygar Nelson/Desktop/MultiMC/libraries/com/paulscode/libraryjavasound/20101123/libraryjavasound-20101123.jar
   classpathEntry=C:/Users/Rygar Nelson/Desktop/MultiMC/libraries/com/paulscode/librarylwjglopenal/20100824/librarylwjglopenal-20100824.jar
   classpathEntry=C:/Users/Rygar Nelson/Desktop/MultiMC/libraries/com/paulscode/soundsystem/20120107/soundsystem-20120107.jar
   classpathEntry=C:/Users/Rygar Nelson/Desktop/MultiMC/libraries/argo/argo/2.25_fixed/argo-2.25_fixed.jar
   classpathEntry=C:/Users/Rygar Nelson/Desktop/MultiMC/libraries/org/bouncycastle/bcprov-jdk15on/1.47/bcprov-jdk15on-1.47.jar
   classpathEntry=C:/Users/Rygar Nelson/Desktop/MultiMC/libraries/com/google/guava/guava/14.0/guava-14.0.jar
   classpathEntry=C:/Users/Rygar Nelson/Desktop/MultiMC/libraries/org/apache/commons/commons-lang3/3.1/commons-lang3-3.1.jar
   classpathEntry=C:/Users/Rygar Nelson/Desktop/MultiMC/libraries/commons-io/commons-io/2.4/commons-io-2.4.jar
   classpathEntry=C:/Users/Rygar Nelson/Desktop/MultiMC/libraries/com/google/code/gson/gson/2.2.2/gson-2.2.2.jar
   classpathEntry=C:/Users/Rygar Nelson/Desktop/MultiMC/libraries/lzma/lzma/0.0.1/lzma-0.0.1.jar
   classpathEntry=C:/Users/Rygar Nelson/Desktop/MultiMC/libraries/org/scala-lang/scala-compiler/2.10.2/scala-compiler-2.10.2.jar
   classpathEntry=C:/Users/Rygar Nelson/Desktop/MultiMC/libraries/org/scala-lang/scala-library/2.10.2/scala-library-2.10.2.jar
   classpathEntry=C:/Users/Rygar Nelson/Desktop/MultiMC/libraries/org/ow2/asm/asm-all/4.1/asm-all-4.1.jar
   classpathEntry=C:/Users/Rygar Nelson/Desktop/MultiMC/libraries/net/minecraft/launchwrapper/1.8/launchwrapper-1.8.jar
   classpathEntry=C:/Users/Rygar Nelson/Desktop/MultiMC/libraries/net/minecraftforge/forge/1.6.4-9.11.1.965/forge-1.6.4-9.11.1.965-universal.jar
   classpathEntry=C:/Users/Rygar Nelson/Desktop/MultiMC/libraries/com/mumfrey/liteloader/1.6.4_01/liteloader-1.6.4_01.jar
   classpathEntry=C:/Users/Rygar Nelson/Desktop/MultiMC/libraries/com/mojang/minecraft/1.6.4/minecraft-1.6.4-client.jar
)
2018-02-20 12:38:35 [INFO] Discovering mods on class path...
2018-02-20 12:38:35 [INFO] Searching protection domain code source...
2018-02-20 12:38:35 [INFO] Searching C:/Users/Rygar Nelson/Desktop/MultiMC/jars/NewLaunch.jar...
2018-02-20 12:38:35 [INFO] Searching C:/Users/Rygar Nelson/Desktop/MultiMC/libraries/net/java/jinput/jinput/2.0.5/jinput-2.0.5.jar...
2018-02-20 12:38:35 [INFO] Searching C:/Users/Rygar Nelson/Desktop/MultiMC/libraries/net/java/jutils/jutils/1.0.0/jutils-1.0.0.jar...
2018-02-20 12:38:35 [INFO] Searching C:/Users/Rygar Nelson/Desktop/MultiMC/libraries/org/lwjgl/lwjgl/lwjgl/2.9.0/lwjgl-2.9.0.jar...
2018-02-20 12:38:35 [INFO] Searching C:/Users/Rygar Nelson/Desktop/MultiMC/libraries/org/lwjgl/lwjgl/lwjgl_util/2.9.0/lwjgl_util-2.9.0.jar...
2018-02-20 12:38:35 [INFO] Searching C:/Users/Rygar Nelson/Desktop/MultiMC/libraries/net/sf/jopt-simple/jopt-simple/4.5/jopt-simple-4.5.jar...
2018-02-20 12:38:35 [INFO] Searching C:/Users/Rygar Nelson/Desktop/MultiMC/libraries/com/paulscode/codecjorbis/20101023/codecjorbis-20101023.jar...
2018-02-20 12:38:35 [INFO] Searching C:/Users/Rygar Nelson/Desktop/MultiMC/libraries/com/paulscode/codecwav/20101023/codecwav-20101023.jar...
2018-02-20 12:38:35 [INFO] Searching C:/Users/Rygar Nelson/Desktop/MultiMC/libraries/com/paulscode/libraryjavasound/20101123/libraryjavasound-20101123.jar...
2018-02-20 12:38:35 [INFO] Searching C:/Users/Rygar Nelson/Desktop/MultiMC/libraries/com/paulscode/librarylwjglopenal/20100824/librarylwjglopenal-20100824.jar...
2018-02-20 12:38:35 [INFO] Searching C:/Users/Rygar Nelson/Desktop/MultiMC/libraries/com/paulscode/soundsystem/20120107/soundsystem-20120107.jar...
2018-02-20 12:38:35 [INFO] Searching C:/Users/Rygar Nelson/Desktop/MultiMC/libraries/argo/argo/2.25_fixed/argo-2.25_fixed.jar...
2018-02-20 12:38:35 [INFO] Searching C:/Users/Rygar Nelson/Desktop/MultiMC/libraries/org/bouncycastle/bcprov-jdk15on/1.47/bcprov-jdk15on-1.47.jar...
2018-02-20 12:38:35 [INFO] Searching C:/Users/Rygar Nelson/Desktop/MultiMC/libraries/com/google/guava/guava/14.0/guava-14.0.jar...
2018-02-20 12:38:35 [INFO] Searching C:/Users/Rygar Nelson/Desktop/MultiMC/libraries/org/apache/commons/commons-lang3/3.1/commons-lang3-3.1.jar...
2018-02-20 12:38:35 [INFO] Searching C:/Users/Rygar Nelson/Desktop/MultiMC/libraries/commons-io/commons-io/2.4/commons-io-2.4.jar...
2018-02-20 12:38:35 [INFO] Searching C:/Users/Rygar Nelson/Desktop/MultiMC/libraries/com/google/code/gson/gson/2.2.2/gson-2.2.2.jar...
2018-02-20 12:38:35 [INFO] Searching C:/Users/Rygar Nelson/Desktop/MultiMC/libraries/lzma/lzma/0.0.1/lzma-0.0.1.jar...
2018-02-20 12:38:35 [INFO] Searching C:/Users/Rygar Nelson/Desktop/MultiMC/libraries/org/scala-lang/scala-compiler/2.10.2/scala-compiler-2.10.2.jar...
2018-02-20 12:38:35 [INFO] Searching C:/Users/Rygar Nelson/Desktop/MultiMC/libraries/org/scala-lang/scala-library/2.10.2/scala-library-2.10.2.jar...
2018-02-20 12:38:35 [INFO] Searching C:/Users/Rygar Nelson/Desktop/MultiMC/libraries/org/ow2/asm/asm-all/4.1/asm-all-4.1.jar...
2018-02-20 12:38:35 [INFO] Searching C:/Users/Rygar Nelson/Desktop/MultiMC/libraries/net/minecraft/launchwrapper/1.8/launchwrapper-1.8.jar...
2018-02-20 12:38:35 [INFO] Searching C:/Users/Rygar Nelson/Desktop/MultiMC/libraries/net/minecraftforge/forge/1.6.4-9.11.1.965/forge-1.6.4-9.11.1.965-universal.jar...
2018-02-20 12:38:35 [INFO] Searching C:/Users/Rygar Nelson/Desktop/MultiMC/libraries/com/mumfrey/liteloader/1.6.4_01/liteloader-1.6.4_01.jar...
2018-02-20 12:38:35 [INFO] Searching C:/Users/Rygar Nelson/Desktop/MultiMC/libraries/com/mojang/minecraft/1.6.4/minecraft-1.6.4-client.jar...
2018-02-20 12:38:36 [INFO] Mod class discovery completed
2018-02-20 12:38:36 [INFO] LiteLoader PreInit completed
2018-02-20 12:38:36 [INFO] Beginning LiteLoader PostInit...
2018-02-20 12:38:36 [INFO] Optifine not detected
2018-02-20 12:38:36 [INFO] Discovered 0 total mod(s)
2018-02-20 12:38:36 [INFO] Inhibiting sound manager reload
2018-02-20 12:38:36 [INFO] Event manager is registering hooks
2018-02-20 12:39:25 [INFO] Sound manager reload inhibit removed
2018-02-20 12:39:25 [INFO] Reloading sound manager
